  P1.cpp
D:\Hector-PC\Documents\Visual-repos\FEM3D-V1\P1.h(2,10): warning C4067: símbolos (token) inesperados después de la directiva del preprocesador; se esperaba una nueva línea
D:\Hector-PC\Documents\Visual-repos\FEM3D-V1\P2.h(2,10): warning C4067: símbolos (token) inesperados después de la directiva del preprocesador; se esperaba una nueva línea
D:\Hector-PC\Documents\Visual-repos\FEM3D-V1\P2.h(3,10): warning C4067: símbolos (token) inesperados después de la directiva del preprocesador; se esperaba una nueva línea
D:\Hector-PC\Documents\Visual-repos\FEM3D-V1\P2.h(4,10): warning C4067: símbolos (token) inesperados después de la directiva del preprocesador; se esperaba una nueva línea
D:\Hector-PC\Documents\Visual-repos\FEM3D-V1\P2.h(5,10): warning C4067: símbolos (token) inesperados después de la directiva del preprocesador; se esperaba una nueva línea
D:\Hector-PC\Documents\Visual-repos\FEM3D-V1\P1.h(3,10): warning C4067: símbolos (token) inesperados después de la directiva del preprocesador; se esperaba una nueva línea
D:\Hector-PC\Documents\Visual-repos\FEM3D-V1\P1.h(4,10): warning C4067: símbolos (token) inesperados después de la directiva del preprocesador; se esperaba una nueva línea
D:\Hector-PC\Documents\Visual-repos\FEM3D-V1\P1.h(5,10): warning C4067: símbolos (token) inesperados después de la directiva del preprocesador; se esperaba una nueva línea
D:\Hector-PC\Documents\Visual-repos\FEM3D-V1\P1.h(6,10): warning C4067: símbolos (token) inesperados después de la directiva del preprocesador; se esperaba una nueva línea
D:\Hector-PC\Documents\Visual-repos\FEM3D-V1\form-Inicio.h(2,10): warning C4067: símbolos (token) inesperados después de la directiva del preprocesador; se esperaba una nueva línea
D:\Hector-PC\Documents\Visual-repos\FEM3D-V1\form-Inicio.h(3,10): warning C4067: símbolos (token) inesperados después de la directiva del preprocesador; se esperaba una nueva línea
D:\Hector-PC\Documents\Visual-repos\FEM3D-V1\form-Inicio.h(4,10): warning C4067: símbolos (token) inesperados después de la directiva del preprocesador; se esperaba una nueva línea
D:\Hector-PC\Documents\Visual-repos\FEM3D-V1\form-Inicio.h(5,10): warning C4067: símbolos (token) inesperados después de la directiva del preprocesador; se esperaba una nueva línea
D:\Hector-PC\Documents\Visual-repos\FEM3D-V1\P3.h(2,10): warning C4067: símbolos (token) inesperados después de la directiva del preprocesador; se esperaba una nueva línea
D:\Hector-PC\Documents\Visual-repos\FEM3D-V1\P3.h(3,10): warning C4067: símbolos (token) inesperados después de la directiva del preprocesador; se esperaba una nueva línea
D:\Hector-PC\Documents\Visual-repos\FEM3D-V1\P3.h(4,10): warning C4067: símbolos (token) inesperados después de la directiva del preprocesador; se esperaba una nueva línea
D:\Hector-PC\Documents\Visual-repos\FEM3D-V1\P3.h(5,10): warning C4067: símbolos (token) inesperados después de la directiva del preprocesador; se esperaba una nueva línea
D:\Hector-PC\Documents\Visual-repos\FEM3D-V1\form-Inicio.h(6,10): warning C4067: símbolos (token) inesperados después de la directiva del preprocesador; se esperaba una nueva línea
D:\Hector-PC\Documents\Visual-repos\FEM3D-V1\form-Inicio.h(7,10): warning C4067: símbolos (token) inesperados después de la directiva del preprocesador; se esperaba una nueva línea
D:\Hector-PC\Documents\Visual-repos\FEM3D-V1\form-Inicio.h(8,10): warning C4067: símbolos (token) inesperados después de la directiva del preprocesador; se esperaba una nueva línea
D:\Hector-PC\Documents\Visual-repos\FEM3D-V1\form-Inicio.h(9,10): warning C4067: símbolos (token) inesperados después de la directiva del preprocesador; se esperaba una nueva línea
D:\Hector-PC\Documents\Visual-repos\FEM3D-V1\form-Inicio.h(10,10): warning C4067: símbolos (token) inesperados después de la directiva del preprocesador; se esperaba una nueva línea
D:\Hector-PC\Documents\Visual-repos\FEM3D-V1\form-Inicio.h(11,10): warning C4067: símbolos (token) inesperados después de la directiva del preprocesador; se esperaba una nueva línea
D:\Hector-PC\Documents\Visual-repos\FEM3D-V1\form-Inicio.h(12,10): warning C4067: símbolos (token) inesperados después de la directiva del preprocesador; se esperaba una nueva línea
D:\Hector-PC\Documents\Visual-repos\FEM3D-V1\form-Inicio.h(13,10): warning C4067: símbolos (token) inesperados después de la directiva del preprocesador; se esperaba una nueva línea
  P5.cpp
  P8.cpp
  Source.cpp
D:\Hector-PC\Documents\Visual-repos\FEM3D-V1\form-Inicio.h(2,10): warning C4067: símbolos (token) inesperados después de la directiva del preprocesador; se esperaba una nueva línea
D:\Hector-PC\Documents\Visual-repos\FEM3D-V1\form-Inicio.h(3,10): warning C4067: símbolos (token) inesperados después de la directiva del preprocesador; se esperaba una nueva línea
D:\Hector-PC\Documents\Visual-repos\FEM3D-V1\P1.h(2,10): warning C4067: símbolos (token) inesperados después de la directiva del preprocesador; se esperaba una nueva línea
D:\Hector-PC\Documents\Visual-repos\FEM3D-V1\P2.h(2,10): warning C4067: símbolos (token) inesperados después de la directiva del preprocesador; se esperaba una nueva línea
D:\Hector-PC\Documents\Visual-repos\FEM3D-V1\P2.h(3,10): warning C4067: símbolos (token) inesperados después de la directiva del preprocesador; se esperaba una nueva línea
D:\Hector-PC\Documents\Visual-repos\FEM3D-V1\P2.h(4,10): warning C4067: símbolos (token) inesperados después de la directiva del preprocesador; se esperaba una nueva línea
D:\Hector-PC\Documents\Visual-repos\FEM3D-V1\P2.h(5,10): warning C4067: símbolos (token) inesperados después de la directiva del preprocesador; se esperaba una nueva línea
D:\Hector-PC\Documents\Visual-repos\FEM3D-V1\P1.h(3,10): warning C4067: símbolos (token) inesperados después de la directiva del preprocesador; se esperaba una nueva línea
D:\Hector-PC\Documents\Visual-repos\FEM3D-V1\P1.h(4,10): warning C4067: símbolos (token) inesperados después de la directiva del preprocesador; se esperaba una nueva línea
D:\Hector-PC\Documents\Visual-repos\FEM3D-V1\P1.h(5,10): warning C4067: símbolos (token) inesperados después de la directiva del preprocesador; se esperaba una nueva línea
D:\Hector-PC\Documents\Visual-repos\FEM3D-V1\P1.h(6,10): warning C4067: símbolos (token) inesperados después de la directiva del preprocesador; se esperaba una nueva línea
D:\Hector-PC\Documents\Visual-repos\FEM3D-V1\form-Inicio.h(4,10): warning C4067: símbolos (token) inesperados después de la directiva del preprocesador; se esperaba una nueva línea
D:\Hector-PC\Documents\Visual-repos\FEM3D-V1\form-Inicio.h(5,10): warning C4067: símbolos (token) inesperados después de la directiva del preprocesador; se esperaba una nueva línea
D:\Hector-PC\Documents\Visual-repos\FEM3D-V1\P3.h(2,10): warning C4067: símbolos (token) inesperados después de la directiva del preprocesador; se esperaba una nueva línea
D:\Hector-PC\Documents\Visual-repos\FEM3D-V1\P3.h(3,10): warning C4067: símbolos (token) inesperados después de la directiva del preprocesador; se esperaba una nueva línea
D:\Hector-PC\Documents\Visual-repos\FEM3D-V1\P3.h(4,10): warning C4067: símbolos (token) inesperados después de la directiva del preprocesador; se esperaba una nueva línea
D:\Hector-PC\Documents\Visual-repos\FEM3D-V1\P3.h(5,10): warning C4067: símbolos (token) inesperados después de la directiva del preprocesador; se esperaba una nueva línea
D:\Hector-PC\Documents\Visual-repos\FEM3D-V1\form-Inicio.h(6,10): warning C4067: símbolos (token) inesperados después de la directiva del preprocesador; se esperaba una nueva línea
D:\Hector-PC\Documents\Visual-repos\FEM3D-V1\form-Inicio.h(7,10): warning C4067: símbolos (token) inesperados después de la directiva del preprocesador; se esperaba una nueva línea
D:\Hector-PC\Documents\Visual-repos\FEM3D-V1\form-Inicio.h(8,10): warning C4067: símbolos (token) inesperados después de la directiva del preprocesador; se esperaba una nueva línea
D:\Hector-PC\Documents\Visual-repos\FEM3D-V1\form-Inicio.h(9,10): warning C4067: símbolos (token) inesperados después de la directiva del preprocesador; se esperaba una nueva línea
D:\Hector-PC\Documents\Visual-repos\FEM3D-V1\form-Inicio.h(10,10): warning C4067: símbolos (token) inesperados después de la directiva del preprocesador; se esperaba una nueva línea
D:\Hector-PC\Documents\Visual-repos\FEM3D-V1\form-Inicio.h(11,10): warning C4067: símbolos (token) inesperados después de la directiva del preprocesador; se esperaba una nueva línea
D:\Hector-PC\Documents\Visual-repos\FEM3D-V1\form-Inicio.h(12,10): warning C4067: símbolos (token) inesperados después de la directiva del preprocesador; se esperaba una nueva línea
D:\Hector-PC\Documents\Visual-repos\FEM3D-V1\form-Inicio.h(13,10): warning C4067: símbolos (token) inesperados después de la directiva del preprocesador; se esperaba una nueva línea
  form-Inicio.cpp
D:\Hector-PC\Documents\Visual-repos\FEM3D-V1\form-Inicio.h(2,10): warning C4067: símbolos (token) inesperados después de la directiva del preprocesador; se esperaba una nueva línea
D:\Hector-PC\Documents\Visual-repos\FEM3D-V1\form-Inicio.h(3,10): warning C4067: símbolos (token) inesperados después de la directiva del preprocesador; se esperaba una nueva línea
D:\Hector-PC\Documents\Visual-repos\FEM3D-V1\P1.h(2,10): warning C4067: símbolos (token) inesperados después de la directiva del preprocesador; se esperaba una nueva línea
D:\Hector-PC\Documents\Visual-repos\FEM3D-V1\P2.h(2,10): warning C4067: símbolos (token) inesperados después de la directiva del preprocesador; se esperaba una nueva línea
D:\Hector-PC\Documents\Visual-repos\FEM3D-V1\P2.h(3,10): warning C4067: símbolos (token) inesperados después de la directiva del preprocesador; se esperaba una nueva línea
D:\Hector-PC\Documents\Visual-repos\FEM3D-V1\P2.h(4,10): warning C4067: símbolos (token) inesperados después de la directiva del preprocesador; se esperaba una nueva línea
D:\Hector-PC\Documents\Visual-repos\FEM3D-V1\P2.h(5,10): warning C4067: símbolos (token) inesperados después de la directiva del preprocesador; se esperaba una nueva línea
D:\Hector-PC\Documents\Visual-repos\FEM3D-V1\P1.h(3,10): warning C4067: símbolos (token) inesperados después de la directiva del preprocesador; se esperaba una nueva línea
D:\Hector-PC\Documents\Visual-repos\FEM3D-V1\P1.h(4,10): warning C4067: símbolos (token) inesperados después de la directiva del preprocesador; se esperaba una nueva línea
D:\Hector-PC\Documents\Visual-repos\FEM3D-V1\P1.h(5,10): warning C4067: símbolos (token) inesperados después de la directiva del preprocesador; se esperaba una nueva línea
D:\Hector-PC\Documents\Visual-repos\FEM3D-V1\P1.h(6,10): warning C4067: símbolos (token) inesperados después de la directiva del preprocesador; se esperaba una nueva línea
D:\Hector-PC\Documents\Visual-repos\FEM3D-V1\form-Inicio.h(4,10): warning C4067: símbolos (token) inesperados después de la directiva del preprocesador; se esperaba una nueva línea
D:\Hector-PC\Documents\Visual-repos\FEM3D-V1\form-Inicio.h(5,10): warning C4067: símbolos (token) inesperados después de la directiva del preprocesador; se esperaba una nueva línea
D:\Hector-PC\Documents\Visual-repos\FEM3D-V1\P3.h(2,10): warning C4067: símbolos (token) inesperados después de la directiva del preprocesador; se esperaba una nueva línea
D:\Hector-PC\Documents\Visual-repos\FEM3D-V1\P3.h(3,10): warning C4067: símbolos (token) inesperados después de la directiva del preprocesador; se esperaba una nueva línea
D:\Hector-PC\Documents\Visual-repos\FEM3D-V1\P3.h(4,10): warning C4067: símbolos (token) inesperados después de la directiva del preprocesador; se esperaba una nueva línea
D:\Hector-PC\Documents\Visual-repos\FEM3D-V1\P3.h(5,10): warning C4067: símbolos (token) inesperados después de la directiva del preprocesador; se esperaba una nueva línea
D:\Hector-PC\Documents\Visual-repos\FEM3D-V1\form-Inicio.h(6,10): warning C4067: símbolos (token) inesperados después de la directiva del preprocesador; se esperaba una nueva línea
D:\Hector-PC\Documents\Visual-repos\FEM3D-V1\form-Inicio.h(7,10): warning C4067: símbolos (token) inesperados después de la directiva del preprocesador; se esperaba una nueva línea
D:\Hector-PC\Documents\Visual-repos\FEM3D-V1\form-Inicio.h(8,10): warning C4067: símbolos (token) inesperados después de la directiva del preprocesador; se esperaba una nueva línea
D:\Hector-PC\Documents\Visual-repos\FEM3D-V1\form-Inicio.h(9,10): warning C4067: símbolos (token) inesperados después de la directiva del preprocesador; se esperaba una nueva línea
D:\Hector-PC\Documents\Visual-repos\FEM3D-V1\form-Inicio.h(10,10): warning C4067: símbolos (token) inesperados después de la directiva del preprocesador; se esperaba una nueva línea
D:\Hector-PC\Documents\Visual-repos\FEM3D-V1\form-Inicio.h(11,10): warning C4067: símbolos (token) inesperados después de la directiva del preprocesador; se esperaba una nueva línea
D:\Hector-PC\Documents\Visual-repos\FEM3D-V1\form-Inicio.h(12,10): warning C4067: símbolos (token) inesperados después de la directiva del preprocesador; se esperaba una nueva línea
D:\Hector-PC\Documents\Visual-repos\FEM3D-V1\form-Inicio.h(13,10): warning C4067: símbolos (token) inesperados después de la directiva del preprocesador; se esperaba una nueva línea
  Generando código...
  about.obj : se encontró un módulo MSIL; vinculación incremental deshabilitada para MSIL; ejecutando vínculo completo
  FEM3D-V1.vcxproj -> D:\Hector-PC\Documents\Visual-repos\FEM3D-V1\Debug\FEM3D-V1.exe
